<?xml version="1.0" encoding="UTF-8"?>
<Site BuildName="Linux-g++"
	BuildStamp="20231106-1840-Experimental"
	Name="machene"
	Generator="ctest-3.25.1"
	CompilerName="/usr/bin/g++"
	CompilerVersion="12.3.0"
	OSName="Linux"
	Hostname="machene"
	OSRelease="6.2.0-36-generic"
	OSVersion="#37-Ubuntu SMP PREEMPT_DYNAMIC Wed Oct  4 10:14:28 UTC 2023"
	OSPlatform="x86_64"
	Is64Bits="1"
	VendorString="GenuineIntel"
	VendorID="Intel Corporation"
	FamilyID="6"
	ModelID="61"
	ProcessorCacheSize="3072"
	NumberOfLogicalCPU="4"
	NumberOfPhysicalCPU="2"
	TotalVirtualMemory="4095"
	TotalPhysicalMemory="15684"
	LogicalProcessorsPerPhysical="2"
	ProcessorClockFrequency="2693.74"
	>
	<Testing>
		<StartDateTime>Nov 06 19:40 CET</StartDateTime>
		<StartTestTime>1699296052</StartTestTime>
		<TestList/>
		<EndDateTime>Nov 06 19:40 CET</EndDateTime>
		<EndTestTime>1699296052</EndTestTime>
		<ElapsedMinutes>0</ElapsedMinutes>
	</Testing>
</Site>
