<?xml version="1.0" encoding="UTF-8"?>
<Site BuildName="Linux-g++"
	BuildStamp="20231015-1230-Experimental"
	Name="machene"
	Generator="ctest-3.25.1"
	CompilerName="/usr/bin/g++"
	CompilerVersion="12.3.0"
	OSName="Linux"
	Hostname="machene"
	OSRelease="6.2.0-34-generic"
	OSVersion="#34-Ubuntu SMP PREEMPT_DYNAMIC Mon Sep  4 13:06:55 UTC 2023"
	OSPlatform="x86_64"
	Is64Bits="1"
	VendorString="GenuineIntel"
	VendorID="Intel Corporation"
	FamilyID="6"
	ModelID="61"
	ProcessorCacheSize="3072"
	NumberOfLogicalCPU="4"
	NumberOfPhysicalCPU="2"
	TotalVirtualMemory="4095"
	TotalPhysicalMemory="15684"
	LogicalProcessorsPerPhysical="2"
	ProcessorClockFrequency="2693.53"
	>
	<Testing>
		<StartDateTime>Oct 15 22:17 CEST</StartDateTime>
		<StartTestTime>1697401073</StartTestTime>
		<TestList/>
		<EndDateTime>Oct 15 22:17 CEST</EndDateTime>
		<EndTestTime>1697401073</EndTestTime>
		<ElapsedMinutes>0</ElapsedMinutes>
	</Testing>
</Site>
