<?xml version="1.0" encoding="UTF-8"?>
<Site BuildName="Linux-g++"
	BuildStamp="20231118-1229-Experimental"
	Name="machene"
	Generator="ctest-3.27.7"
	CompilerName="/usr/bin/g++"
	CompilerVersion="12.3.0"
	OSName="Linux"
	Hostname="machene"
	OSRelease="6.5.0-10-generic"
	OSVersion="#10-Ubuntu SMP PREEMPT_DYNAMIC Fri Oct 13 13:49:38 UTC 2023"
	OSPlatform="x86_64"
	Is64Bits="1"
	VendorString="GenuineIntel"
	VendorID="Intel Corporation"
	FamilyID="6"
	ModelID="61"
	ProcessorCacheSize="3072"
	NumberOfLogicalCPU="4"
	NumberOfPhysicalCPU="2"
	TotalVirtualMemory="4095"
	TotalPhysicalMemory="15683"
	LogicalProcessorsPerPhysical="2"
	ProcessorClockFrequency="2693.96"
	>
	<Testing>
		<StartDateTime>Nov 18 13:29 CET</StartDateTime>
		<StartTestTime>1700310566</StartTestTime>
		<TestList/>
		<EndDateTime>Nov 18 13:29 CET</EndDateTime>
		<EndTestTime>1700310566</EndTestTime>
		<ElapsedMinutes>0</ElapsedMinutes>
	</Testing>
</Site>
